2024-10-05 06:22:46,026 - __main__ - INFO - Checking for new offers...
2024-10-05 06:22:46,026 - __main__ - INFO - No subscribers to send offers to.
2024-10-05 06:22:46,454 - httpx - INFO - HTTP Request: POST https://api.telegram.org/bot7782698870:AAHWqsRJYuISGiSDzktRQTcf3ThC17xyry4/getMe "HTTP/1.1 200 OK"
2024-10-05 06:22:46,560 - httpx - INFO - HTTP Request: POST https://api.telegram.org/bot7782698870:AAHWqsRJYuISGiSDzktRQTcf3ThC17xyry4/deleteWebhook "HTTP/1.1 200 OK"
2024-10-05 06:22:46,565 - apscheduler.scheduler - INFO - Scheduler started
2024-10-05 06:22:46,566 - telegram.ext.Application - INFO - Application started
2024-10-05 06:22:51,675 - httpx - INFO - HTTP Request: POST https://api.telegram.org/bot7782698870:AAHWqsRJYuISGiSDzktRQTcf3ThC17xyry4/getUpdates "HTTP/1.1 200 OK"
2024-10-05 06:22:52,026 - httpx - INFO - HTTP Request: POST https://api.telegram.org/bot7782698870:AAHWqsRJYuISGiSDzktRQTcf3ThC17xyry4/sendMessage "HTTP/1.1 200 OK"
2024-10-05 06:22:52,028 - __main__ - INFO - Added subscriber: 5576983744
2024-10-05 06:23:01,781 - httpx - INFO - HTTP Request: POST https://api.telegram.org/bot7782698870:AAHWqsRJYuISGiSDzktRQTcf3ThC17xyry4/getUpdates "HTTP/1.1 200 OK"
2024-10-05 06:23:11,072 - httpx - INFO - HTTP Request: POST https://api.telegram.org/bot7782698870:AAHWqsRJYuISGiSDzktRQTcf3ThC17xyry4/getUpdates "HTTP/1.1 200 OK"
2024-10-05 06:23:11,073 - telegram.ext.Application - INFO - Application is stopping. This might take a moment.
2024-10-05 06:23:11,074 - apscheduler.scheduler - INFO - Scheduler has been shut down
2024-10-05 06:23:11,085 - telegram.ext.Application - INFO - Application.stop() complete
2024-10-05 06:23:11,122 - asyncio - ERROR - Task was destroyed but it is pending!
task: <Task pending name='Task-1' coro=<send_offers_periodically() running at /home/obada/Desktop/Work/khamsat-scraper/bot.py:61> wait_for=<Future pending cb=[Task.task_wakeup()]>>
2024-10-05 06:23:17,251 - __main__ - INFO - Checking for new offers...
2024-10-05 06:23:17,252 - __main__ - INFO - No subscribers to send offers to.
2024-10-05 06:23:17,615 - httpx - INFO - HTTP Request: POST https://api.telegram.org/bot7782698870:AAHWqsRJYuISGiSDzktRQTcf3ThC17xyry4/getMe "HTTP/1.1 200 OK"
2024-10-05 06:23:17,731 - httpx - INFO - HTTP Request: POST https://api.telegram.org/bot7782698870:AAHWqsRJYuISGiSDzktRQTcf3ThC17xyry4/deleteWebhook "HTTP/1.1 200 OK"
2024-10-05 06:23:17,734 - apscheduler.scheduler - INFO - Scheduler started
2024-10-05 06:23:17,734 - telegram.ext.Application - INFO - Application started
2024-10-05 06:23:20,347 - httpx - INFO - HTTP Request: POST https://api.telegram.org/bot7782698870:AAHWqsRJYuISGiSDzktRQTcf3ThC17xyry4/getUpdates "HTTP/1.1 200 OK"
2024-10-05 06:23:20,579 - httpx - INFO - HTTP Request: POST https://api.telegram.org/bot7782698870:AAHWqsRJYuISGiSDzktRQTcf3ThC17xyry4/sendMessage "HTTP/1.1 200 OK"
2024-10-05 06:23:20,582 - __main__ - INFO - Added subscriber: 5576983744
2024-10-05 06:23:27,283 - __main__ - INFO - Checking for new offers...
2024-10-05 06:23:28,729 - __main__ - INFO - Fetched 24 offers.
2024-10-05 06:23:28,729 - __main__ - INFO - Preparing to send latest offer to 1 subscribers.
2024-10-05 06:23:30,468 - httpx - INFO - HTTP Request: POST https://api.telegram.org/bot7782698870:AAHWqsRJYuISGiSDzktRQTcf3ThC17xyry4/getUpdates "HTTP/1.1 200 OK"
2024-10-05 06:23:30,635 - httpx - INFO - HTTP Request: POST https://api.telegram.org/bot7782698870:AAHWqsRJYuISGiSDzktRQTcf3ThC17xyry4/sendMessage "HTTP/1.1 200 OK"
2024-10-05 06:23:30,638 - __main__ - INFO - Sent latest offer to 5576983744.
2024-10-05 06:23:40,625 - httpx - INFO - HTTP Request: POST https://api.telegram.org/bot7782698870:AAHWqsRJYuISGiSDzktRQTcf3ThC17xyry4/getUpdates "HTTP/1.1 200 OK"
2024-10-05 06:23:40,639 - __main__ - INFO - Checking for new offers...
2024-10-05 06:23:43,219 - __main__ - INFO - Fetched 24 offers.
2024-10-05 06:23:43,219 - __main__ - INFO - No new offers to send since the last check.
2024-10-05 06:23:50,750 - httpx - INFO - HTTP Request: POST https://api.telegram.org/bot7782698870:AAHWqsRJYuISGiSDzktRQTcf3ThC17xyry4/getUpdates "HTTP/1.1 200 OK"
2024-10-05 06:23:53,233 - __main__ - INFO - Checking for new offers...
2024-10-05 06:23:57,827 - __main__ - INFO - Fetched 24 offers.
2024-10-05 06:23:57,828 - __main__ - INFO - No new offers to send since the last check.
2024-10-05 06:24:00,942 - httpx - INFO - HTTP Request: POST https://api.telegram.org/bot7782698870:AAHWqsRJYuISGiSDzktRQTcf3ThC17xyry4/getUpdates "HTTP/1.1 200 OK"
2024-10-05 06:24:07,863 - __main__ - INFO - Checking for new offers...
2024-10-05 06:24:09,617 - __main__ - INFO - Fetched 24 offers.
2024-10-05 06:24:09,618 - __main__ - INFO - No new offers to send since the last check.
2024-10-05 06:24:11,084 - httpx - INFO - HTTP Request: POST https://api.telegram.org/bot7782698870:AAHWqsRJYuISGiSDzktRQTcf3ThC17xyry4/getUpdates "HTTP/1.1 200 OK"
2024-10-05 06:24:19,657 - __main__ - INFO - Checking for new offers...
2024-10-05 06:24:20,883 - __main__ - INFO - Fetched 24 offers.
2024-10-05 06:24:20,883 - __main__ - INFO - No new offers to send since the last check.
2024-10-05 06:24:21,210 - httpx - INFO - HTTP Request: POST https://api.telegram.org/bot7782698870:AAHWqsRJYuISGiSDzktRQTcf3ThC17xyry4/getUpdates "HTTP/1.1 200 OK"
2024-10-05 06:24:30,910 - __main__ - INFO - Checking for new offers...
2024-10-05 06:24:32,236 - __main__ - INFO - Fetched 24 offers.
2024-10-05 06:24:32,236 - __main__ - INFO - No new offers to send since the last check.
2024-10-05 06:24:32,237 - httpx - INFO - HTTP Request: POST https://api.telegram.org/bot7782698870:AAHWqsRJYuISGiSDzktRQTcf3ThC17xyry4/getUpdates "HTTP/1.1 200 OK"
2024-10-05 06:24:42,281 - __main__ - INFO - Checking for new offers...
2024-10-05 06:24:43,612 - __main__ - INFO - Fetched 24 offers.
2024-10-05 06:24:43,612 - __main__ - INFO - No new offers to send since the last check.
2024-10-05 06:24:43,613 - httpx - INFO - HTTP Request: POST https://api.telegram.org/bot7782698870:AAHWqsRJYuISGiSDzktRQTcf3ThC17xyry4/getUpdates "HTTP/1.1 200 OK"
2024-10-05 06:24:53,643 - __main__ - INFO - Checking for new offers...
2024-10-05 06:24:54,995 - __main__ - INFO - Fetched 24 offers.
2024-10-05 06:24:54,996 - __main__ - INFO - No new offers to send since the last check.
2024-10-05 06:24:54,997 - httpx - INFO - HTTP Request: POST https://api.telegram.org/bot7782698870:AAHWqsRJYuISGiSDzktRQTcf3ThC17xyry4/getUpdates "HTTP/1.1 200 OK"
2024-10-05 06:25:05,047 - __main__ - INFO - Checking for new offers...
2024-10-05 06:25:05,940 - __main__ - INFO - Fetched 24 offers.
2024-10-05 06:25:05,941 - __main__ - INFO - No new offers to send since the last check.
2024-10-05 06:25:05,941 - httpx - INFO - HTTP Request: POST https://api.telegram.org/bot7782698870:AAHWqsRJYuISGiSDzktRQTcf3ThC17xyry4/getUpdates "HTTP/1.1 200 OK"
2024-10-05 06:25:15,991 - __main__ - INFO - Checking for new offers...
2024-10-05 06:25:21,914 - __main__ - INFO - Fetched 24 offers.
2024-10-05 06:25:21,914 - __main__ - INFO - No new offers to send since the last check.
2024-10-05 06:25:21,915 - httpx - INFO - HTTP Request: POST https://api.telegram.org/bot7782698870:AAHWqsRJYuISGiSDzktRQTcf3ThC17xyry4/getUpdates "HTTP/1.1 200 OK"
2024-10-05 06:25:31,965 - __main__ - INFO - Checking for new offers...
2024-10-05 06:25:33,270 - __main__ - INFO - Fetched 24 offers.
2024-10-05 06:25:33,270 - __main__ - INFO - No new offers to send since the last check.
2024-10-05 06:25:33,271 - httpx - INFO - HTTP Request: POST https://api.telegram.org/bot7782698870:AAHWqsRJYuISGiSDzktRQTcf3ThC17xyry4/getUpdates "HTTP/1.1 200 OK"
2024-10-05 06:25:36,511 - httpx - INFO - HTTP Request: POST https://api.telegram.org/bot7782698870:AAHWqsRJYuISGiSDzktRQTcf3ThC17xyry4/getUpdates "HTTP/1.1 200 OK"
2024-10-05 06:25:36,512 - telegram.ext.Application - INFO - Application is stopping. This might take a moment.
2024-10-05 06:25:36,513 - apscheduler.scheduler - INFO - Scheduler has been shut down
2024-10-05 06:25:36,523 - telegram.ext.Application - INFO - Application.stop() complete
2024-10-05 06:25:36,566 - asyncio - ERROR - Task was destroyed but it is pending!
task: <Task pending name='Task-1' coro=<send_offers_periodically() running at /home/obada/Desktop/Work/khamsat-scraper/bot.py:61> wait_for=<Future pending cb=[Task.task_wakeup()]>>
2024-10-05 06:25:40,137 - __main__ - INFO - Checking for new offers...
2024-10-05 06:25:40,137 - __main__ - INFO - No subscribers to send offers to.
2024-10-05 06:25:40,451 - httpx - INFO - HTTP Request: POST https://api.telegram.org/bot7782698870:AAHWqsRJYuISGiSDzktRQTcf3ThC17xyry4/getMe "HTTP/1.1 200 OK"
2024-10-05 06:25:40,557 - httpx - INFO - HTTP Request: POST https://api.telegram.org/bot7782698870:AAHWqsRJYuISGiSDzktRQTcf3ThC17xyry4/deleteWebhook "HTTP/1.1 200 OK"
2024-10-05 06:25:40,558 - apscheduler.scheduler - INFO - Scheduler started
2024-10-05 06:25:40,559 - telegram.ext.Application - INFO - Application started
2024-10-05 06:25:43,386 - httpx - INFO - HTTP Request: POST https://api.telegram.org/bot7782698870:AAHWqsRJYuISGiSDzktRQTcf3ThC17xyry4/getUpdates "HTTP/1.1 200 OK"
2024-10-05 06:25:43,542 - httpx - INFO - HTTP Request: POST https://api.telegram.org/bot7782698870:AAHWqsRJYuISGiSDzktRQTcf3ThC17xyry4/sendMessage "HTTP/1.1 200 OK"
2024-10-05 06:25:43,545 - __main__ - INFO - Added subscriber: 5576983744
2024-10-05 06:25:50,162 - __main__ - INFO - Checking for new offers...
2024-10-05 06:25:51,055 - __main__ - INFO - Fetched 8 offers.
2024-10-05 06:25:51,055 - __main__ - INFO - Preparing to send latest offer to 1 subscribers.
2024-10-05 06:25:51,428 - httpx - INFO - HTTP Request: POST https://api.telegram.org/bot7782698870:AAHWqsRJYuISGiSDzktRQTcf3ThC17xyry4/sendMessage "HTTP/1.1 200 OK"
2024-10-05 06:25:51,430 - __main__ - INFO - Sent latest offer to 5576983744.
2024-10-05 06:25:53,514 - httpx - INFO - HTTP Request: POST https://api.telegram.org/bot7782698870:AAHWqsRJYuISGiSDzktRQTcf3ThC17xyry4/getUpdates "HTTP/1.1 200 OK"
2024-10-05 06:26:01,470 - __main__ - INFO - Checking for new offers...
2024-10-05 06:26:03,170 - __main__ - INFO - Fetched 8 offers.
2024-10-05 06:26:03,170 - __main__ - INFO - No new offers to send since the last check.
2024-10-05 06:26:03,622 - httpx - INFO - HTTP Request: POST https://api.telegram.org/bot7782698870:AAHWqsRJYuISGiSDzktRQTcf3ThC17xyry4/getUpdates "HTTP/1.1 200 OK"
2024-10-05 06:26:13,174 - __main__ - INFO - Checking for new offers...
2024-10-05 06:26:14,837 - __main__ - INFO - Fetched 8 offers.
2024-10-05 06:26:14,838 - __main__ - INFO - No new offers to send since the last check.
2024-10-05 06:26:14,839 - httpx - INFO - HTTP Request: POST https://api.telegram.org/bot7782698870:AAHWqsRJYuISGiSDzktRQTcf3ThC17xyry4/getUpdates "HTTP/1.1 200 OK"
2024-10-05 06:26:24,888 - __main__ - INFO - Checking for new offers...
2024-10-05 06:26:26,785 - __main__ - INFO - Fetched 8 offers.
2024-10-05 06:26:26,786 - __main__ - INFO - No new offers to send since the last check.
2024-10-05 06:26:26,787 - httpx - INFO - HTTP Request: POST https://api.telegram.org/bot7782698870:AAHWqsRJYuISGiSDzktRQTcf3ThC17xyry4/getUpdates "HTTP/1.1 200 OK"
2024-10-05 06:26:36,830 - __main__ - INFO - Checking for new offers...
2024-10-05 06:26:37,761 - __main__ - INFO - Fetched 8 offers.
2024-10-05 06:26:37,762 - __main__ - INFO - No new offers to send since the last check.
2024-10-05 06:26:37,762 - httpx - INFO - HTTP Request: POST https://api.telegram.org/bot7782698870:AAHWqsRJYuISGiSDzktRQTcf3ThC17xyry4/getUpdates "HTTP/1.1 200 OK"
2024-10-05 06:26:47,798 - __main__ - INFO - Checking for new offers...
2024-10-05 06:26:49,062 - __main__ - INFO - Fetched 8 offers.
2024-10-05 06:26:49,062 - __main__ - INFO - No new offers to send since the last check.
2024-10-05 06:26:49,063 - httpx - INFO - HTTP Request: POST https://api.telegram.org/bot7782698870:AAHWqsRJYuISGiSDzktRQTcf3ThC17xyry4/getUpdates "HTTP/1.1 200 OK"
2024-10-05 06:26:59,112 - __main__ - INFO - Checking for new offers...
2024-10-05 06:27:00,620 - __main__ - INFO - Fetched 8 offers.
2024-10-05 06:27:00,620 - __main__ - INFO - No new offers to send since the last check.
2024-10-05 06:27:00,621 - httpx - INFO - HTTP Request: POST https://api.telegram.org/bot7782698870:AAHWqsRJYuISGiSDzktRQTcf3ThC17xyry4/getUpdates "HTTP/1.1 200 OK"
2024-10-05 06:27:10,665 - __main__ - INFO - Checking for new offers...
2024-10-05 06:27:11,993 - __main__ - INFO - Fetched 8 offers.
2024-10-05 06:27:11,993 - __main__ - INFO - No new offers to send since the last check.
2024-10-05 06:27:11,994 - httpx - INFO - HTTP Request: POST https://api.telegram.org/bot7782698870:AAHWqsRJYuISGiSDzktRQTcf3ThC17xyry4/getUpdates "HTTP/1.1 200 OK"
2024-10-05 06:27:22,043 - __main__ - INFO - Checking for new offers...
2024-10-05 06:27:23,155 - __main__ - INFO - Fetched 8 offers.
2024-10-05 06:27:23,155 - __main__ - INFO - No new offers to send since the last check.
2024-10-05 06:27:23,157 - httpx - INFO - HTTP Request: POST https://api.telegram.org/bot7782698870:AAHWqsRJYuISGiSDzktRQTcf3ThC17xyry4/getUpdates "HTTP/1.1 200 OK"
2024-10-05 06:27:33,207 - __main__ - INFO - Checking for new offers...
2024-10-05 06:27:34,811 - __main__ - INFO - Fetched 8 offers.
2024-10-05 06:27:34,811 - __main__ - INFO - No new offers to send since the last check.
2024-10-05 06:27:34,812 - httpx - INFO - HTTP Request: POST https://api.telegram.org/bot7782698870:AAHWqsRJYuISGiSDzktRQTcf3ThC17xyry4/getUpdates "HTTP/1.1 200 OK"
2024-10-05 06:27:44,851 - __main__ - INFO - Checking for new offers...
2024-10-05 06:27:46,858 - __main__ - INFO - Fetched 8 offers.
2024-10-05 06:27:46,858 - __main__ - INFO - No new offers to send since the last check.
2024-10-05 06:27:46,859 - httpx - INFO - HTTP Request: POST https://api.telegram.org/bot7782698870:AAHWqsRJYuISGiSDzktRQTcf3ThC17xyry4/getUpdates "HTTP/1.1 200 OK"
2024-10-05 06:27:56,908 - __main__ - INFO - Checking for new offers...
2024-10-05 06:27:58,348 - __main__ - INFO - Fetched 8 offers.
2024-10-05 06:27:58,348 - __main__ - INFO - No new offers to send since the last check.
2024-10-05 06:27:58,350 - httpx - INFO - HTTP Request: POST https://api.telegram.org/bot7782698870:AAHWqsRJYuISGiSDzktRQTcf3ThC17xyry4/getUpdates "HTTP/1.1 200 OK"
2024-10-05 06:28:08,392 - __main__ - INFO - Checking for new offers...
2024-10-05 06:28:09,311 - __main__ - INFO - Fetched 8 offers.
2024-10-05 06:28:09,312 - __main__ - INFO - No new offers to send since the last check.
2024-10-05 06:28:09,313 - httpx - INFO - HTTP Request: POST https://api.telegram.org/bot7782698870:AAHWqsRJYuISGiSDzktRQTcf3ThC17xyry4/getUpdates "HTTP/1.1 200 OK"
2024-10-05 06:28:19,363 - __main__ - INFO - Checking for new offers...
2024-10-05 06:28:20,904 - __main__ - INFO - Fetched 8 offers.
2024-10-05 06:28:20,905 - __main__ - INFO - No new offers to send since the last check.
2024-10-05 06:28:20,906 - httpx - INFO - HTTP Request: POST https://api.telegram.org/bot7782698870:AAHWqsRJYuISGiSDzktRQTcf3ThC17xyry4/getUpdates "HTTP/1.1 200 OK"
2024-10-05 06:28:30,910 - __main__ - INFO - Checking for new offers...
2024-10-05 06:28:32,569 - __main__ - INFO - Fetched 8 offers.
2024-10-05 06:28:32,569 - __main__ - INFO - No new offers to send since the last check.
2024-10-05 06:28:32,570 - httpx - INFO - HTTP Request: POST https://api.telegram.org/bot7782698870:AAHWqsRJYuISGiSDzktRQTcf3ThC17xyry4/getUpdates "HTTP/1.1 200 OK"
2024-10-05 06:28:42,620 - __main__ - INFO - Checking for new offers...
2024-10-05 06:28:43,853 - __main__ - INFO - Fetched 8 offers.
2024-10-05 06:28:43,853 - __main__ - INFO - No new offers to send since the last check.
2024-10-05 06:28:43,854 - httpx - INFO - HTTP Request: POST https://api.telegram.org/bot7782698870:AAHWqsRJYuISGiSDzktRQTcf3ThC17xyry4/getUpdates "HTTP/1.1 200 OK"
2024-10-05 06:28:53,903 - __main__ - INFO - Checking for new offers...
2024-10-05 06:28:54,923 - __main__ - INFO - Fetched 8 offers.
2024-10-05 06:28:54,923 - __main__ - INFO - No new offers to send since the last check.
2024-10-05 06:28:54,924 - httpx - INFO - HTTP Request: POST https://api.telegram.org/bot7782698870:AAHWqsRJYuISGiSDzktRQTcf3ThC17xyry4/getUpdates "HTTP/1.1 200 OK"
2024-10-05 06:29:04,974 - __main__ - INFO - Checking for new offers...
2024-10-05 06:29:06,356 - __main__ - INFO - Fetched 8 offers.
2024-10-05 06:29:06,356 - __main__ - INFO - No new offers to send since the last check.
2024-10-05 06:29:06,357 - httpx - INFO - HTTP Request: POST https://api.telegram.org/bot7782698870:AAHWqsRJYuISGiSDzktRQTcf3ThC17xyry4/getUpdates "HTTP/1.1 200 OK"
2024-10-05 06:29:16,385 - __main__ - INFO - Checking for new offers...
2024-10-05 06:29:17,641 - __main__ - INFO - Fetched 8 offers.
2024-10-05 06:29:17,642 - __main__ - INFO - No new offers to send since the last check.
2024-10-05 06:29:17,642 - httpx - INFO - HTTP Request: POST https://api.telegram.org/bot7782698870:AAHWqsRJYuISGiSDzktRQTcf3ThC17xyry4/getUpdates "HTTP/1.1 200 OK"
2024-10-05 06:29:27,689 - __main__ - INFO - Checking for new offers...
2024-10-05 06:29:29,862 - __main__ - INFO - Fetched 8 offers.
2024-10-05 06:29:29,863 - __main__ - INFO - No new offers to send since the last check.
2024-10-05 06:29:29,863 - httpx - INFO - HTTP Request: POST https://api.telegram.org/bot7782698870:AAHWqsRJYuISGiSDzktRQTcf3ThC17xyry4/getUpdates "HTTP/1.1 200 OK"
2024-10-05 06:29:39,874 - __main__ - INFO - Checking for new offers...
2024-10-05 06:29:41,293 - __main__ - INFO - Fetched 8 offers.
2024-10-05 06:29:41,293 - __main__ - INFO - No new offers to send since the last check.
2024-10-05 06:29:41,294 - httpx - INFO - HTTP Request: POST https://api.telegram.org/bot7782698870:AAHWqsRJYuISGiSDzktRQTcf3ThC17xyry4/getUpdates "HTTP/1.1 200 OK"
2024-10-05 06:29:51,336 - __main__ - INFO - Checking for new offers...
2024-10-05 06:29:52,766 - __main__ - INFO - Fetched 8 offers.
2024-10-05 06:29:52,767 - __main__ - INFO - No new offers to send since the last check.
2024-10-05 06:29:52,767 - httpx - INFO - HTTP Request: POST https://api.telegram.org/bot7782698870:AAHWqsRJYuISGiSDzktRQTcf3ThC17xyry4/getUpdates "HTTP/1.1 200 OK"
2024-10-05 06:30:02,817 - __main__ - INFO - Checking for new offers...
2024-10-05 06:30:04,230 - __main__ - INFO - Fetched 8 offers.
2024-10-05 06:30:04,231 - __main__ - INFO - No new offers to send since the last check.
2024-10-05 06:30:04,231 - httpx - INFO - HTTP Request: POST https://api.telegram.org/bot7782698870:AAHWqsRJYuISGiSDzktRQTcf3ThC17xyry4/getUpdates "HTTP/1.1 200 OK"
2024-10-05 06:30:14,281 - __main__ - INFO - Checking for new offers...
2024-10-05 06:30:15,604 - __main__ - INFO - Fetched 8 offers.
2024-10-05 06:30:15,605 - __main__ - INFO - No new offers to send since the last check.
2024-10-05 06:30:15,606 - httpx - INFO - HTTP Request: POST https://api.telegram.org/bot7782698870:AAHWqsRJYuISGiSDzktRQTcf3ThC17xyry4/getUpdates "HTTP/1.1 200 OK"
2024-10-05 06:30:25,655 - __main__ - INFO - Checking for new offers...
2024-10-05 06:30:27,480 - __main__ - INFO - Fetched 8 offers.
2024-10-05 06:30:27,480 - __main__ - INFO - No new offers to send since the last check.
2024-10-05 06:30:27,482 - httpx - INFO - HTTP Request: POST https://api.telegram.org/bot7782698870:AAHWqsRJYuISGiSDzktRQTcf3ThC17xyry4/getUpdates "HTTP/1.1 200 OK"
2024-10-05 06:30:37,497 - __main__ - INFO - Checking for new offers...
2024-10-05 06:30:38,677 - __main__ - INFO - Fetched 8 offers.
2024-10-05 06:30:38,678 - __main__ - INFO - No new offers to send since the last check.
2024-10-05 06:30:38,679 - httpx - INFO - HTTP Request: POST https://api.telegram.org/bot7782698870:AAHWqsRJYuISGiSDzktRQTcf3ThC17xyry4/getUpdates "HTTP/1.1 200 OK"
2024-10-05 06:30:48,729 - __main__ - INFO - Checking for new offers...
2024-10-05 06:30:49,781 - __main__ - INFO - Fetched 8 offers.
2024-10-05 06:30:49,781 - __main__ - INFO - No new offers to send since the last check.
2024-10-05 06:30:49,782 - httpx - INFO - HTTP Request: POST https://api.telegram.org/bot7782698870:AAHWqsRJYuISGiSDzktRQTcf3ThC17xyry4/getUpdates "HTTP/1.1 200 OK"
2024-10-05 06:30:59,833 - __main__ - INFO - Checking for new offers...
2024-10-05 06:31:00,949 - __main__ - INFO - Fetched 8 offers.
2024-10-05 06:31:00,950 - __main__ - INFO - No new offers to send since the last check.
2024-10-05 06:31:00,951 - httpx - INFO - HTTP Request: POST https://api.telegram.org/bot7782698870:AAHWqsRJYuISGiSDzktRQTcf3ThC17xyry4/getUpdates "HTTP/1.1 200 OK"
2024-10-05 06:31:11,000 - __main__ - INFO - Checking for new offers...
2024-10-05 06:31:12,170 - __main__ - INFO - Fetched 8 offers.
2024-10-05 06:31:12,170 - __main__ - INFO - No new offers to send since the last check.
2024-10-05 06:31:12,171 - httpx - INFO - HTTP Request: POST https://api.telegram.org/bot7782698870:AAHWqsRJYuISGiSDzktRQTcf3ThC17xyry4/getUpdates "HTTP/1.1 200 OK"
2024-10-05 06:31:22,201 - __main__ - INFO - Checking for new offers...
2024-10-05 06:31:23,716 - __main__ - INFO - Fetched 8 offers.
2024-10-05 06:31:23,717 - __main__ - INFO - No new offers to send since the last check.
2024-10-05 06:31:23,718 - httpx - INFO - HTTP Request: POST https://api.telegram.org/bot7782698870:AAHWqsRJYuISGiSDzktRQTcf3ThC17xyry4/getUpdates "HTTP/1.1 200 OK"
2024-10-05 06:31:33,727 - __main__ - INFO - Checking for new offers...
2024-10-05 06:31:34,596 - __main__ - INFO - Fetched 8 offers.
2024-10-05 06:31:34,597 - __main__ - INFO - No new offers to send since the last check.
2024-10-05 06:31:34,598 - httpx - INFO - HTTP Request: POST https://api.telegram.org/bot7782698870:AAHWqsRJYuISGiSDzktRQTcf3ThC17xyry4/getUpdates "HTTP/1.1 200 OK"
2024-10-05 06:31:44,648 - __main__ - INFO - Checking for new offers...
2024-10-05 06:31:46,005 - __main__ - INFO - Fetched 8 offers.
2024-10-05 06:31:46,006 - __main__ - INFO - No new offers to send since the last check.
2024-10-05 06:31:46,007 - httpx - INFO - HTTP Request: POST https://api.telegram.org/bot7782698870:AAHWqsRJYuISGiSDzktRQTcf3ThC17xyry4/getUpdates "HTTP/1.1 200 OK"
2024-10-05 06:31:56,056 - __main__ - INFO - Checking for new offers...
2024-10-05 06:31:58,192 - __main__ - INFO - Fetched 8 offers.
2024-10-05 06:31:58,193 - __main__ - INFO - No new offers to send since the last check.
2024-10-05 06:31:58,194 - httpx - INFO - HTTP Request: POST https://api.telegram.org/bot7782698870:AAHWqsRJYuISGiSDzktRQTcf3ThC17xyry4/getUpdates "HTTP/1.1 200 OK"
2024-10-05 06:32:08,242 - __main__ - INFO - Checking for new offers...
2024-10-05 06:32:09,487 - __main__ - INFO - Fetched 8 offers.
2024-10-05 06:32:09,488 - __main__ - INFO - No new offers to send since the last check.
2024-10-05 06:32:09,488 - httpx - INFO - HTTP Request: POST https://api.telegram.org/bot7782698870:AAHWqsRJYuISGiSDzktRQTcf3ThC17xyry4/getUpdates "HTTP/1.1 200 OK"
2024-10-05 06:32:19,536 - __main__ - INFO - Checking for new offers...
2024-10-05 06:32:20,810 - __main__ - INFO - Fetched 8 offers.
2024-10-05 06:32:20,811 - __main__ - INFO - No new offers to send since the last check.
2024-10-05 06:32:20,811 - httpx - INFO - HTTP Request: POST https://api.telegram.org/bot7782698870:AAHWqsRJYuISGiSDzktRQTcf3ThC17xyry4/getUpdates "HTTP/1.1 200 OK"
2024-10-05 06:32:30,861 - __main__ - INFO - Checking for new offers...
2024-10-05 06:32:32,352 - __main__ - INFO - Fetched 8 offers.
2024-10-05 06:32:32,352 - __main__ - INFO - No new offers to send since the last check.
2024-10-05 06:32:32,353 - httpx - INFO - HTTP Request: POST https://api.telegram.org/bot7782698870:AAHWqsRJYuISGiSDzktRQTcf3ThC17xyry4/getUpdates "HTTP/1.1 200 OK"
2024-10-05 06:32:42,381 - __main__ - INFO - Checking for new offers...
2024-10-05 06:32:43,773 - __main__ - INFO - Fetched 8 offers.
2024-10-05 06:32:43,774 - __main__ - INFO - No new offers to send since the last check.
2024-10-05 06:32:43,775 - httpx - INFO - HTTP Request: POST https://api.telegram.org/bot7782698870:AAHWqsRJYuISGiSDzktRQTcf3ThC17xyry4/getUpdates "HTTP/1.1 200 OK"
2024-10-05 06:32:53,824 - __main__ - INFO - Checking for new offers...
2024-10-05 06:32:55,209 - __main__ - INFO - Fetched 8 offers.
2024-10-05 06:32:55,209 - __main__ - INFO - No new offers to send since the last check.
2024-10-05 06:32:55,210 - httpx - INFO - HTTP Request: POST https://api.telegram.org/bot7782698870:AAHWqsRJYuISGiSDzktRQTcf3ThC17xyry4/getUpdates "HTTP/1.1 200 OK"
2024-10-05 06:33:05,260 - __main__ - INFO - Checking for new offers...
2024-10-05 06:33:07,349 - __main__ - INFO - Fetched 8 offers.
2024-10-05 06:33:07,349 - __main__ - INFO - No new offers to send since the last check.
2024-10-05 06:33:07,350 - httpx - INFO - HTTP Request: POST https://api.telegram.org/bot7782698870:AAHWqsRJYuISGiSDzktRQTcf3ThC17xyry4/getUpdates "HTTP/1.1 200 OK"
2024-10-05 06:33:07,453 - httpx - INFO - HTTP Request: POST https://api.telegram.org/bot7782698870:AAHWqsRJYuISGiSDzktRQTcf3ThC17xyry4/getUpdates "HTTP/1.1 200 OK"
2024-10-05 06:33:08,376 - httpx - INFO - HTTP Request: POST https://api.telegram.org/bot7782698870:AAHWqsRJYuISGiSDzktRQTcf3ThC17xyry4/sendMessage "HTTP/1.1 200 OK"
2024-10-05 06:33:08,378 - __main__ - INFO - Added subscriber: 5576983744
2024-10-05 06:33:12,874 - httpx - INFO - HTTP Request: POST https://api.telegram.org/bot7782698870:AAHWqsRJYuISGiSDzktRQTcf3ThC17xyry4/getUpdates "HTTP/1.1 200 OK"
2024-10-05 06:33:12,875 - telegram.ext.Application - INFO - Application is stopping. This might take a moment.
2024-10-05 06:33:12,875 - apscheduler.scheduler - INFO - Scheduler has been shut down
2024-10-05 06:33:12,885 - telegram.ext.Application - INFO - Application.stop() complete
2024-10-05 06:33:12,925 - asyncio - ERROR - Task was destroyed but it is pending!
task: <Task pending name='Task-1' coro=<send_offers_periodically() running at /home/obada/Desktop/Work/khamsat-scraper/bot.py:68> wait_for=<Future pending cb=[Task.task_wakeup()]>>
2024-10-05 06:33:15,450 - __main__ - INFO - Checking for new offers...
2024-10-05 06:33:15,450 - __main__ - INFO - No subscribers to send offers to.
2024-10-05 06:33:16,089 - httpx - INFO - HTTP Request: POST https://api.telegram.org/bot7782698870:AAHWqsRJYuISGiSDzktRQTcf3ThC17xyry4/getMe "HTTP/1.1 200 OK"
2024-10-05 06:33:16,240 - httpx - INFO - HTTP Request: POST https://api.telegram.org/bot7782698870:AAHWqsRJYuISGiSDzktRQTcf3ThC17xyry4/deleteWebhook "HTTP/1.1 200 OK"
2024-10-05 06:33:16,243 - apscheduler.scheduler - INFO - Scheduler started
2024-10-05 06:33:16,243 - telegram.ext.Application - INFO - Application started
2024-10-05 06:33:25,170 - httpx - INFO - HTTP Request: POST https://api.telegram.org/bot7782698870:AAHWqsRJYuISGiSDzktRQTcf3ThC17xyry4/getUpdates "HTTP/1.1 200 OK"
2024-10-05 06:33:25,451 - __main__ - INFO - Checking for new offers...
2024-10-05 06:33:27,113 - __main__ - INFO - Fetched 8 offers.
2024-10-05 06:33:27,113 - __main__ - INFO - Preparing to send latest offer to 1 subscribers.
2024-10-05 06:33:27,368 - httpx - INFO - HTTP Request: POST https://api.telegram.org/bot7782698870:AAHWqsRJYuISGiSDzktRQTcf3ThC17xyry4/sendMessage "HTTP/1.1 200 OK"
2024-10-05 06:33:27,370 - __main__ - INFO - Added subscriber: 5576983744
2024-10-05 06:33:27,908 - httpx - INFO - HTTP Request: POST https://api.telegram.org/bot7782698870:AAHWqsRJYuISGiSDzktRQTcf3ThC17xyry4/sendMessage "HTTP/1.1 200 OK"
2024-10-05 06:33:27,910 - __main__ - INFO - Sent latest offer to 5576983744.
2024-10-05 06:33:35,309 - httpx - INFO - HTTP Request: POST https://api.telegram.org/bot7782698870:AAHWqsRJYuISGiSDzktRQTcf3ThC17xyry4/getUpdates "HTTP/1.1 200 OK"
2024-10-05 06:33:37,923 - __main__ - INFO - Checking for new offers...
2024-10-05 06:33:40,216 - __main__ - INFO - Fetched 8 offers.
2024-10-05 06:33:40,216 - __main__ - INFO - No new offers to send since the last check.
2024-10-05 06:33:45,560 - httpx - INFO - HTTP Request: POST https://api.telegram.org/bot7782698870:AAHWqsRJYuISGiSDzktRQTcf3ThC17xyry4/getUpdates "HTTP/1.1 200 OK"
2024-10-05 06:33:50,240 - __main__ - INFO - Checking for new offers...
2024-10-05 06:33:51,589 - __main__ - INFO - Fetched 8 offers.
2024-10-05 06:33:51,589 - __main__ - INFO - No new offers to send since the last check.
2024-10-05 06:33:55,785 - httpx - INFO - HTTP Request: POST https://api.telegram.org/bot7782698870:AAHWqsRJYuISGiSDzktRQTcf3ThC17xyry4/getUpdates "HTTP/1.1 200 OK"
2024-10-05 06:34:01,619 - __main__ - INFO - Checking for new offers...
2024-10-05 06:34:03,030 - __main__ - INFO - Fetched 8 offers.
2024-10-05 06:34:03,030 - __main__ - INFO - No new offers to send since the last check.
2024-10-05 06:34:05,906 - httpx - INFO - HTTP Request: POST https://api.telegram.org/bot7782698870:AAHWqsRJYuISGiSDzktRQTcf3ThC17xyry4/getUpdates "HTTP/1.1 200 OK"
2024-10-05 06:34:13,064 - __main__ - INFO - Checking for new offers...
2024-10-05 06:34:14,005 - __main__ - INFO - Fetched 8 offers.
2024-10-05 06:34:14,005 - __main__ - INFO - No new offers to send since the last check.
2024-10-05 06:34:16,062 - httpx - INFO - HTTP Request: POST https://api.telegram.org/bot7782698870:AAHWqsRJYuISGiSDzktRQTcf3ThC17xyry4/getUpdates "HTTP/1.1 200 OK"
2024-10-05 06:34:24,041 - __main__ - INFO - Checking for new offers...
2024-10-05 06:34:25,037 - __main__ - INFO - Fetched 8 offers.
2024-10-05 06:34:25,037 - __main__ - INFO - No new offers to send since the last check.
2024-10-05 06:34:26,199 - httpx - INFO - HTTP Request: POST https://api.telegram.org/bot7782698870:AAHWqsRJYuISGiSDzktRQTcf3ThC17xyry4/getUpdates "HTTP/1.1 200 OK"
2024-10-05 06:34:35,082 - __main__ - INFO - Checking for new offers...
2024-10-05 06:34:38,847 - __main__ - INFO - Fetched 8 offers.
2024-10-05 06:34:38,848 - __main__ - INFO - No new offers to send since the last check.
2024-10-05 06:34:38,848 - httpx - INFO - HTTP Request: POST https://api.telegram.org/bot7782698870:AAHWqsRJYuISGiSDzktRQTcf3ThC17xyry4/getUpdates "HTTP/1.1 200 OK"
2024-10-05 06:34:48,850 - __main__ - INFO - Checking for new offers...
2024-10-05 06:34:51,243 - __main__ - INFO - Fetched 8 offers.
2024-10-05 06:34:51,243 - __main__ - INFO - No new offers to send since the last check.
2024-10-05 06:34:51,271 - asyncio - ERROR - Task was destroyed but it is pending!
task: <Task pending name='Task-1' coro=<send_offers_periodically() running at /home/obada/Desktop/Work/khamsat-scraper/bot.py:68> wait_for=<Future pending cb=[Task.task_wakeup()]>>
2024-10-05 06:34:53,052 - __main__ - INFO - Checking for new offers...
2024-10-05 06:34:53,052 - __main__ - INFO - No subscribers to send offers to.
2024-10-05 06:34:53,412 - httpx - INFO - HTTP Request: POST https://api.telegram.org/bot7782698870:AAHWqsRJYuISGiSDzktRQTcf3ThC17xyry4/getMe "HTTP/1.1 200 OK"
2024-10-05 06:34:53,527 - httpx - INFO - HTTP Request: POST https://api.telegram.org/bot7782698870:AAHWqsRJYuISGiSDzktRQTcf3ThC17xyry4/deleteWebhook "HTTP/1.1 200 OK"
2024-10-05 06:34:53,530 - apscheduler.scheduler - INFO - Scheduler started
2024-10-05 06:34:53,530 - telegram.ext.Application - INFO - Application started
2024-10-05 06:34:56,100 - httpx - INFO - HTTP Request: POST https://api.telegram.org/bot7782698870:AAHWqsRJYuISGiSDzktRQTcf3ThC17xyry4/getUpdates "HTTP/1.1 200 OK"
2024-10-05 06:34:56,348 - httpx - INFO - HTTP Request: POST https://api.telegram.org/bot7782698870:AAHWqsRJYuISGiSDzktRQTcf3ThC17xyry4/sendMessage "HTTP/1.1 200 OK"
2024-10-05 06:34:56,350 - __main__ - INFO - Added subscriber: 5576983744
2024-10-05 06:35:03,086 - __main__ - INFO - Checking for new offers...
2024-10-05 06:35:04,366 - __main__ - INFO - Fetched 8 offers.
2024-10-05 06:35:04,367 - __main__ - INFO - Preparing to send latest offer to 1 subscribers.
2024-10-05 06:35:04,907 - httpx - INFO - HTTP Request: POST https://api.telegram.org/bot7782698870:AAHWqsRJYuISGiSDzktRQTcf3ThC17xyry4/sendMessage "HTTP/1.1 400 Bad Request"
2024-10-05 06:35:04,909 - __main__ - ERROR - Failed to send message to 5576983744: Can't parse entities: unsupported start tag "br" at byte offset 79
2024-10-05 06:35:06,283 - httpx - INFO - HTTP Request: POST https://api.telegram.org/bot7782698870:AAHWqsRJYuISGiSDzktRQTcf3ThC17xyry4/getUpdates "HTTP/1.1 200 OK"
2024-10-05 06:35:14,944 - __main__ - INFO - Checking for new offers...
2024-10-05 06:35:15,862 - __main__ - INFO - Fetched 8 offers.
2024-10-05 06:35:15,862 - __main__ - INFO - No new offers to send since the last check.
2024-10-05 06:35:16,409 - httpx - INFO - HTTP Request: POST https://api.telegram.org/bot7782698870:AAHWqsRJYuISGiSDzktRQTcf3ThC17xyry4/getUpdates "HTTP/1.1 200 OK"
2024-10-05 06:35:25,910 - __main__ - INFO - Checking for new offers...
2024-10-05 06:35:27,120 - __main__ - INFO - Fetched 8 offers.
2024-10-05 06:35:27,120 - __main__ - INFO - No new offers to send since the last check.
2024-10-05 06:35:27,121 - httpx - INFO - HTTP Request: POST https://api.telegram.org/bot7782698870:AAHWqsRJYuISGiSDzktRQTcf3ThC17xyry4/getUpdates "HTTP/1.1 200 OK"
2024-10-05 06:35:31,029 - asyncio - ERROR - Task was destroyed but it is pending!
task: <Task pending name='Task-1' coro=<send_offers_periodically() running at /home/obada/Desktop/Work/khamsat-scraper/bot.py:68> wait_for=<Future pending cb=[Task.task_wakeup()]>>
2024-10-05 06:35:33,358 - __main__ - INFO - Checking for new offers...
2024-10-05 06:35:33,358 - __main__ - INFO - No subscribers to send offers to.
2024-10-05 06:35:34,093 - httpx - INFO - HTTP Request: POST https://api.telegram.org/bot7782698870:AAHWqsRJYuISGiSDzktRQTcf3ThC17xyry4/getMe "HTTP/1.1 200 OK"
2024-10-05 06:35:34,328 - httpx - INFO - HTTP Request: POST https://api.telegram.org/bot7782698870:AAHWqsRJYuISGiSDzktRQTcf3ThC17xyry4/deleteWebhook "HTTP/1.1 200 OK"
2024-10-05 06:35:34,331 - apscheduler.scheduler - INFO - Scheduler started
2024-10-05 06:35:34,331 - telegram.ext.Application - INFO - Application started
2024-10-05 06:35:37,221 - httpx - INFO - HTTP Request: POST https://api.telegram.org/bot7782698870:AAHWqsRJYuISGiSDzktRQTcf3ThC17xyry4/getUpdates "HTTP/1.1 200 OK"
2024-10-05 06:35:37,341 - httpx - INFO - HTTP Request: POST https://api.telegram.org/bot7782698870:AAHWqsRJYuISGiSDzktRQTcf3ThC17xyry4/sendMessage "HTTP/1.1 200 OK"
2024-10-05 06:35:37,343 - __main__ - INFO - Added subscriber: 5576983744
2024-10-05 06:35:43,390 - __main__ - INFO - Checking for new offers...
2024-10-05 06:35:44,606 - __main__ - INFO - Fetched 8 offers.
2024-10-05 06:35:44,607 - __main__ - INFO - Preparing to send latest offer to 1 subscribers.
2024-10-05 06:35:44,970 - httpx - INFO - HTTP Request: POST https://api.telegram.org/bot7782698870:AAHWqsRJYuISGiSDzktRQTcf3ThC17xyry4/sendMessage "HTTP/1.1 200 OK"
2024-10-05 06:35:44,971 - __main__ - INFO - Sent latest offer to 5576983744.
2024-10-05 06:35:47,537 - httpx - INFO - HTTP Request: POST https://api.telegram.org/bot7782698870:AAHWqsRJYuISGiSDzktRQTcf3ThC17xyry4/getUpdates "HTTP/1.1 200 OK"
2024-10-05 06:35:55,008 - __main__ - INFO - Checking for new offers...
2024-10-05 06:35:55,948 - __main__ - INFO - Fetched 8 offers.
2024-10-05 06:35:55,949 - __main__ - INFO - No new offers to send since the last check.
2024-10-05 06:35:57,876 - httpx - INFO - HTTP Request: POST https://api.telegram.org/bot7782698870:AAHWqsRJYuISGiSDzktRQTcf3ThC17xyry4/getUpdates "HTTP/1.1 200 OK"
2024-10-05 06:36:05,989 - __main__ - INFO - Checking for new offers...
2024-10-05 06:36:07,278 - __main__ - INFO - Fetched 8 offers.
2024-10-05 06:36:07,279 - __main__ - INFO - No new offers to send since the last check.
2024-10-05 06:36:08,050 - httpx - INFO - HTTP Request: POST https://api.telegram.org/bot7782698870:AAHWqsRJYuISGiSDzktRQTcf3ThC17xyry4/getUpdates "HTTP/1.1 200 OK"
2024-10-05 06:36:17,325 - __main__ - INFO - Checking for new offers...
2024-10-05 06:36:18,403 - __main__ - INFO - Fetched 8 offers.
2024-10-05 06:36:18,403 - __main__ - INFO - No new offers to send since the last check.
2024-10-05 06:36:18,404 - httpx - INFO - HTTP Request: POST https://api.telegram.org/bot7782698870:AAHWqsRJYuISGiSDzktRQTcf3ThC17xyry4/getUpdates "HTTP/1.1 200 OK"
2024-10-05 06:36:18,507 - httpx - INFO - HTTP Request: POST https://api.telegram.org/bot7782698870:AAHWqsRJYuISGiSDzktRQTcf3ThC17xyry4/getUpdates "HTTP/1.1 200 OK"
2024-10-05 06:36:18,508 - telegram.ext.Application - INFO - Application is stopping. This might take a moment.
2024-10-05 06:36:18,508 - apscheduler.scheduler - INFO - Scheduler has been shut down
2024-10-05 06:36:18,518 - telegram.ext.Application - INFO - Application.stop() complete
2024-10-05 06:36:18,554 - asyncio - ERROR - Task was destroyed but it is pending!
task: <Task pending name='Task-1' coro=<send_offers_periodically() running at /home/obada/Desktop/Work/khamsat-scraper/bot.py:68> wait_for=<Future pending cb=[Task.task_wakeup()]>>
2024-10-05 06:36:20,096 - __main__ - INFO - Checking for new offers...
2024-10-05 06:36:20,096 - __main__ - INFO - No subscribers to send offers to.
2024-10-05 06:36:20,630 - httpx - INFO - HTTP Request: POST https://api.telegram.org/bot7782698870:AAHWqsRJYuISGiSDzktRQTcf3ThC17xyry4/getMe "HTTP/1.1 200 OK"
2024-10-05 06:36:20,733 - httpx - INFO - HTTP Request: POST https://api.telegram.org/bot7782698870:AAHWqsRJYuISGiSDzktRQTcf3ThC17xyry4/deleteWebhook "HTTP/1.1 200 OK"
2024-10-05 06:36:20,736 - apscheduler.scheduler - INFO - Scheduler started
2024-10-05 06:36:20,736 - telegram.ext.Application - INFO - Application started
2024-10-05 06:36:26,933 - httpx - INFO - HTTP Request: POST https://api.telegram.org/bot7782698870:AAHWqsRJYuISGiSDzktRQTcf3ThC17xyry4/getUpdates "HTTP/1.1 200 OK"
2024-10-05 06:36:27,363 - httpx - INFO - HTTP Request: POST https://api.telegram.org/bot7782698870:AAHWqsRJYuISGiSDzktRQTcf3ThC17xyry4/sendMessage "HTTP/1.1 200 OK"
2024-10-05 06:36:27,365 - __main__ - INFO - Added subscriber: 5576983744
2024-10-05 06:36:30,110 - __main__ - INFO - Checking for new offers...
2024-10-05 06:36:31,143 - __main__ - INFO - Fetched 8 offers.
2024-10-05 06:36:31,143 - __main__ - INFO - Preparing to send latest offer to 1 subscribers.
2024-10-05 06:36:31,275 - httpx - INFO - HTTP Request: POST https://api.telegram.org/bot7782698870:AAHWqsRJYuISGiSDzktRQTcf3ThC17xyry4/sendMessage "HTTP/1.1 200 OK"
2024-10-05 06:36:31,277 - __main__ - INFO - Sent latest offer to 5576983744.
2024-10-05 06:36:37,066 - httpx - INFO - HTTP Request: POST https://api.telegram.org/bot7782698870:AAHWqsRJYuISGiSDzktRQTcf3ThC17xyry4/getUpdates "HTTP/1.1 200 OK"
2024-10-05 06:36:41,298 - __main__ - INFO - Checking for new offers...
2024-10-05 06:36:42,472 - __main__ - INFO - Fetched 8 offers.
2024-10-05 06:36:42,473 - __main__ - INFO - No new offers to send since the last check.
2024-10-05 06:36:47,204 - httpx - INFO - HTTP Request: POST https://api.telegram.org/bot7782698870:AAHWqsRJYuISGiSDzktRQTcf3ThC17xyry4/getUpdates "HTTP/1.1 200 OK"
2024-10-05 06:36:52,474 - __main__ - INFO - Checking for new offers...
2024-10-05 06:36:53,829 - __main__ - INFO - Fetched 8 offers.
2024-10-05 06:36:53,830 - __main__ - INFO - No new offers to send since the last check.
2024-10-05 06:36:57,329 - httpx - INFO - HTTP Request: POST https://api.telegram.org/bot7782698870:AAHWqsRJYuISGiSDzktRQTcf3ThC17xyry4/getUpdates "HTTP/1.1 200 OK"
2024-10-05 06:37:03,859 - __main__ - INFO - Checking for new offers...
2024-10-05 06:37:05,198 - __main__ - INFO - Fetched 8 offers.
2024-10-05 06:37:05,199 - __main__ - INFO - No new offers to send since the last check.
2024-10-05 06:37:07,449 - httpx - INFO - HTTP Request: POST https://api.telegram.org/bot7782698870:AAHWqsRJYuISGiSDzktRQTcf3ThC17xyry4/getUpdates "HTTP/1.1 200 OK"
2024-10-05 06:37:15,206 - __main__ - INFO - Checking for new offers...
2024-10-05 06:37:16,597 - __main__ - INFO - Fetched 8 offers.
2024-10-05 06:37:16,598 - __main__ - INFO - No new offers to send since the last check.
2024-10-05 06:37:17,569 - httpx - INFO - HTTP Request: POST https://api.telegram.org/bot7782698870:AAHWqsRJYuISGiSDzktRQTcf3ThC17xyry4/getUpdates "HTTP/1.1 200 OK"
2024-10-05 06:37:26,636 - __main__ - INFO - Checking for new offers...
2024-10-05 06:37:27,913 - __main__ - INFO - Fetched 8 offers.
2024-10-05 06:37:27,913 - __main__ - INFO - No new offers to send since the last check.
2024-10-05 06:37:27,914 - httpx - INFO - HTTP Request: POST https://api.telegram.org/bot7782698870:AAHWqsRJYuISGiSDzktRQTcf3ThC17xyry4/getUpdates "HTTP/1.1 200 OK"
2024-10-05 06:37:37,963 - __main__ - INFO - Checking for new offers...
2024-10-05 06:37:39,446 - __main__ - INFO - Fetched 8 offers.
2024-10-05 06:37:39,447 - __main__ - INFO - No new offers to send since the last check.
2024-10-05 06:37:39,448 - httpx - INFO - HTTP Request: POST https://api.telegram.org/bot7782698870:AAHWqsRJYuISGiSDzktRQTcf3ThC17xyry4/getUpdates "HTTP/1.1 200 OK"
2024-10-05 06:37:49,450 - __main__ - INFO - Checking for new offers...
2024-10-05 06:37:50,990 - __main__ - INFO - Fetched 8 offers.
2024-10-05 06:37:50,990 - __main__ - INFO - No new offers to send since the last check.
2024-10-05 06:37:50,991 - httpx - INFO - HTTP Request: POST https://api.telegram.org/bot7782698870:AAHWqsRJYuISGiSDzktRQTcf3ThC17xyry4/getUpdates "HTTP/1.1 200 OK"
2024-10-05 06:38:01,040 - __main__ - INFO - Checking for new offers...
